[2025-12-04 11:46:56] --- Cron Job Started ---
[2025-12-04 11:46:56] Server time (NOW()): 2025-12-04 11:46:56
[2025-12-04 11:46:56] No pending emails to send.
[2025-12-04 11:46:56] --- Cron Job Finished ---
[2025-12-04 11:47:07] --- Cron Job Started ---
[2025-12-04 11:47:07] Server time (NOW()): 2025-12-04 11:47:07
[2025-12-04 11:47:07] No pending emails to send.
[2025-12-04 11:47:07] --- Cron Job Finished ---
[2025-12-04 11:47:16] --- Cron Job Started ---
[2025-12-04 11:47:16] Server time (NOW()): 2025-12-04 11:47:16
[2025-12-04 11:47:16] No pending emails to send.
[2025-12-04 11:47:16] --- Cron Job Finished ---
[2025-12-04 11:48:10] --- Cron Job Started ---
[2025-12-04 11:48:10] Server time (NOW()): 2025-12-04 11:48:10
[2025-12-04 11:48:10] No pending emails to send.
[2025-12-04 11:48:10] --- Cron Job Finished ---
[2025-12-04 10:53:12] --- Cron Job Started ---
[2025-12-04 10:53:12] Server time (NOW()): 2025-12-04 10:53:12
[2025-12-04 10:53:12] Found 1 email(s) to send.
[2025-12-04 10:53:12] Processing email ID: 10 scheduled for 2025-12-04 18:50:00
[2025-12-04 11:03:07] --- Cron Job Started ---
[2025-12-04 11:03:07] Server time (NOW()): 2025-12-04 11:03:07
[2025-12-04 11:03:07] Found 1 email(s) to send.
[2025-12-04 11:03:07] Processing email ID: 11 scheduled for 2025-12-04 18:58:00
[2025-12-04 11:03:32]  -> Successfully sent to 5 recipients.
[2025-12-04 11:03:32] --- Cron Job Finished ---
